#
# There is insufficient memory for the Java Runtime Environment to continue.
# Native memory allocation (malloc) failed to allocate 979136 bytes. Error detail: Chunk::new
# Possible reasons:
#   The system is out of physical RAM or swap space
#   This process is running with CompressedOops enabled, and the Java Heap may be blocking the growth of the native heap
# Possible solutions:
#   Reduce memory load on the system
#   Increase physical memory or swap space
#   Check if swap backing store is full
#   Decrease Java heap size (-Xmx/-Xms)
#   Decrease number of Java threads
#   Decrease Java thread stack sizes (-Xss)
#   Set larger code cache with -XX:ReservedCodeCacheSize=
#   JVM is running with Unscaled Compressed Oops mode in which the Java heap is
#     placed in the first 4GB address space. The Java Heap base address is the
#     maximum limit for the native heap growth. Please use -XX:HeapBaseMinAddress
#     to set the Java Heap base and to place the Java Heap above 4GB virtual address.
# This output file may be truncated or incomplete.
#
#  Out of Memory Error (arena.cpp:168), pid=31828, tid=21200
#
# JRE version: OpenJDK Runtime Environment Temurin-21.0.5+11 (21.0.5+11) (build 21.0.5+11-LTS)
# Java VM: OpenJDK 64-Bit Server VM Temurin-21.0.5+11 (21.0.5+11-LTS, mixed mode, sharing, tiered, compressed oops, compressed class ptrs, parallel gc, windows-amd64)
# No core dump will be written. Minidumps are not enabled by default on client versions of Windows
#

---------------  S U M M A R Y ------------

Command Line: --add-modules=ALL-SYSTEM --add-opens=java.base/java.util=ALL-UNNAMED --add-opens=java.base/java.lang=ALL-UNNAMED --add-opens=java.base/sun.nio.fs=ALL-UNNAMED -Declipse.application=org.eclipse.jdt.ls.core.id1 -Dosgi.bundles.defaultStartLevel=4 -Declipse.product=org.eclipse.jdt.ls.core.product -Djava.import.generatesMetadataFilesAtProjectRoot=false -DDetectVMInstallationsJob.disabled=true -Dfile.encoding=utf8 -XX:+UseParallelGC -XX:GCTimeRatio=4 -XX:AdaptiveSizePolicyWeight=90 -Dsun.zip.disableMemoryMapping=true -Xmx1G -Xms100m -Xlog:disable -javaagent:c:\Users\nguye\.cursor\extensions\redhat.java-1.39.0-win32-x64\lombok\lombok-1.18.34.jar -XX:+HeapDumpOnOutOfMemoryError -XX:HeapDumpPath=c:\Users\nguye\AppData\Roaming\Cursor\User\workspaceStorage\eb8435868590d2177f4e7eba870a5e3c\redhat.java -Daether.dependencyCollector.impl=bf c:\Users\nguye\.cursor\extensions\redhat.java-1.39.0-win32-x64\server\plugins\org.eclipse.equinox.launcher_1.6.900.v20240613-2009.jar -configuration c:\Users\nguye\AppData\Roaming\Cursor\User\globalStorage\redhat.java\1.39.0\config_win -data c:\Users\nguye\AppData\Roaming\Cursor\User\workspaceStorage\eb8435868590d2177f4e7eba870a5e3c\redhat.java\jdt_ws --pipe=\\.\pipe\lsp-194687b408eb2817bd08964f5471e393-sock

Host: 12th Gen Intel(R) Core(TM) i7-12700H, 20 cores, 7G,  Windows 11 , 64 bit Build 22621 (10.0.22621.4391)
Time: Tue Feb 25 14:58:47 2025 SE Asia Standard Time elapsed time: 17.476577 seconds (0d 0h 0m 17s)

---------------  T H R E A D  ---------------

Current thread (0x000002286f2e94f0):  JavaThread "C2 CompilerThread0" daemon [_thread_in_native, id=21200, stack(0x000000aaf1b00000,0x000000aaf1c00000) (1024K)]


Current CompileTask:
C2:17478 10030       4       org.eclipse.jdt.internal.core.search.indexing.BinaryIndexer::extractReferenceFromConstantPool (358 bytes)

Stack: [0x000000aaf1b00000,0x000000aaf1c00000]
Native frames: (J=compiled Java code, j=interpreted, Vv=VM code, C=native code)
V  [jvm.dll+0x6cd4e9]
V  [jvm.dll+0x8a7941]
V  [jvm.dll+0x8a9e6e]
V  [jvm.dll+0x8aa543]
V  [jvm.dll+0x27f6d6]
V  [jvm.dll+0xc500d]
V  [jvm.dll+0xc5543]
V  [jvm.dll+0x2f2a9d]
V  [jvm.dll+0x5f67ea]
V  [jvm.dll+0x250b82]
V  [jvm.dll+0x250f3f]
V  [jvm.dll+0x249814]
V  [jvm.dll+0x246ea4]
V  [jvm.dll+0x1c75ce]
V  [jvm.dll+0x25682a]
V  [jvm.dll+0x254dca]
V  [jvm.dll+0x3f00d6]
V  [jvm.dll+0x8514fb]
V  [jvm.dll+0x6cbbed]
C  [ucrtbase.dll+0x29333]
C  [KERNEL32.DLL+0x1259d]
C  [ntdll.dll+0x5af38]


---------------  P R O C E S S  ---------------

Threads class SMR info:
_java_thread_list=0x000002287fa44160, length=93, elements={
0x000002286f2306b0, 0x000002286f2d63d0, 0x000002287477db80, 0x000002286f2d7ab0,
0x000002286f2d8af0, 0x000002286f2dadc0, 0x000002286f2e32a0, 0x000002286f2e94f0,
0x000002286f2eaa70, 0x0000022875dabfb0, 0x0000022875f4c9c0, 0x000002287c40ed50,
0x000002287c72bd70, 0x000002287c9c1200, 0x000002287c9c1c80, 0x000002287ce64880,
0x000002287d1e08c0, 0x000002287d0063d0, 0x000002287d007e10, 0x000002287d0084a0,
0x000002287d0070f0, 0x000002287c42eee0, 0x000002287d006a60, 0x000002287d007780,
0x000002287d005020, 0x000002287e615070, 0x000002287e615700, 0x000002287e615d90,
0x000002287e616420, 0x000002287e616ab0, 0x000002287e6184f0, 0x000002287e617140,
0x000002287e6177d0, 0x000002287e617e60, 0x000002287d4bccb0, 0x000002287d4bc620,
0x000002287d4bd340, 0x000002287d4be6f0, 0x000002287d4bbf90, 0x000002287d4be060,
0x000002287d4bd9d0, 0x000002287d4ba550, 0x000002287d4c0130, 0x000002287d4bb270,
0x000002287d4bed80, 0x000002287d4c07c0, 0x000002287d4bf410, 0x000002287d4b9830,
0x000002287d4bfaa0, 0x000002287d4c0e50, 0x000002287d4b9ec0, 0x000002287d4bb900,
0x000002287f5a2060, 0x000002287f5a9680, 0x000002287f5a3aa0, 0x000002287f5a6f20,
0x000002287f5a75b0, 0x000002287f5a7c40, 0x000002287f5a6200, 0x000002287f5a26f0,
0x000002287f5a4e50, 0x000002287f5a82d0, 0x000002287f5a6890, 0x000002287f5a2d80,
0x000002287f5a3410, 0x000002287f5a4130, 0x000002287f5a54e0, 0x000002287f5a5b70,
0x000002287d0056b0, 0x000002287f585a30, 0x000002287f5860c0, 0x000002287f581f20,
0x000002287f586750, 0x000002287f5832d0, 0x000002287f5804e0, 0x000002287f584d10,
0x000002287f5825b0, 0x000002287f5853a0, 0x000002287f586de0, 0x000002287f587b00,
0x000002287f583960, 0x000002287f587470, 0x000002287f581200, 0x000002287f584680,
0x000002287f580b70, 0x000002287f581890, 0x000002287f582c40, 0x000002287f26de40,
0x000002287f26ff10, 0x000002287f274dd0, 0x000002287f26e4d0, 0x000002287f273a20,
0x000002287f273390
}

Java Threads: ( => current thread )
  0x000002286f2306b0 JavaThread "<un-named>"                        [_thread_blocked, id=29112, stack(0x000000aaf1100000,0x000000aaf1200000) (1024K)]
  0x000002286f2d63d0 JavaThread "<un-named>"                
[error occurred during error reporting (printing all threads), id 0xc0000005, EXCEPTION_ACCESS_VIOLATION (0xc0000005) at pc=0x00007ffac41085cd]
VM state: at safepoint (normal execution)

VM Mutex/Monitor currently owned by a thread:  ([mutex/lock_event])
[0x00007ffac49cd380] Threads_lock - owner thread: 0x000002286f2d1b00
[0x00007ffac49cd480] Heap_lock - owner thread: 0x000002287f26de40

Heap address: 0x00000000c0000000, size: 1024 MB, Compressed Oops mode: 32-bit

CDS archive(s) mapped at: [0x000002280f000000-0x000002280fba0000-0x000002280fba0000), size 12189696, SharedBaseAddress: 0x000002280f000000, ArchiveRelocationMode: 1.
Compressed class space mapped at: 0x0000022810000000-0x0000022850000000, reserved size: 1073741824
Narrow klass base: 0x000002280f000000, Narrow klass shift: 0, Narrow klass range: 0x100000000

GC Precious Log:
 CardTable entry size: 512
 CPUs: 20 total, 20 available
 Memory: 7896M
 Large Page Support: Disabled
 NUMA Support: Disabled
 Compressed Oops: Enabled (32-bit)
 Alignments: Space 512K, Generation 512K, Heap 2M
 Heap Min Capacity: 100M
 Heap Initial Capacity: 100M
 Heap Max Capacity: 1G
 Pre-touch: Disabled
 Parallel Workers: 15

Heap:
 PSYoungGen      total 6144K, used 5694K [0x00000000eab00000, 0x00000000eb280000, 0x0000000100000000)
  eden space 4608K, 100% used [0x00000000eab00000,0x00000000eaf80000,0x00000000eaf80000)
  from space 1536K, 70% used [0x00000000eb100000,0x00000000eb20f918,0x00000000eb280000)
  to   space 1536K, 79% used [0x00000000eaf80000,0x00000000eb0b0f60,0x00000000eb100000)
 ParOldGen       total 153088K, used 152577K [0x00000000c0000000, 0x00000000c9580000, 0x00000000eab00000)
  object space 153088K, 99% used [0x00000000c0000000,0x00000000c9500618,0x00000000c9580000)
 Metaspace       used 57778K, committed 59136K, reserved 1114112K
  class space    used 5967K, committed 6592K, reserved 1048576K

Card table byte_map: [0x000002286ebd0000,0x000002286ede0000] _byte_map_base: 0x000002286e5d0000

Marking Bits: (ParMarkBitMap*) 0x00007ffac49d2250
 Begin Bits: [0x0000022872580000, 0x0000022873580000)
 End Bits:   [0x0000022873580000, 0x0000022874580000)

Polling page: 0x000002286d200000

Metaspace:

Usage:
  Non-class:     50.60 MB used.
      Class:      5.83 MB used.
       Both:     56.42 MB used.

Virtual space:
  Non-class space:       64.00 MB reserved,      51.31 MB ( 80%) committed,  1 nodes.
      Class space:        1.00 GB reserved,       6.44 MB ( <1%) committed,  1 nodes.
             Both:        1.06 GB reserved,      57.75 MB (  5%) committed. 

Chunk freelists:
   Non-Class:  12.44 MB
       Class:  9.61 MB
        Both:  22.05 MB

MaxMetaspaceSize: unlimited
CompressedClassSpaceSize: 1.00 GB
Initial GC threshold: 21.00 MB
Current GC threshold: 58.38 MB
CDS: on
 - commit_granule_bytes: 65536.
 - commit_granule_words: 8192.
 - virtual_space_node_default_size: 8388608.
 - enlarge_chunks_in_place: 1.
 - use_allocation_guard: 0.


Internal statistics:

num_allocs_failed_limit: 6.
num_arena_births: 1088.
num_arena_deaths: 14.
num_vsnodes_births: 2.
num_vsnodes_deaths: 0.
num_space_committed: 924.
num_space_uncommitted: 0.
num_chunks_returned_to_freelist: 20.
num_chunks_taken_from_freelist: 3822.
num_chunk_merges: 9.
num_chunk_splits: 2325.
num_chunks_enlarged: 1264.
num_inconsistent_stats: 0.

CodeHeap 'non-profiled nmethods': size=119168Kb used=2541Kb max_used=2637Kb free=116627Kb
 bounds [0x0000022807ba0000, 0x0000022807e40000, 0x000002280f000000]
CodeHeap 'profiled nmethods': size=119104Kb used=20179Kb max_used=20815Kb free=98924Kb
 bounds [0x0000022800000000, 0x0000022801460000, 0x0000022807450000]
CodeHeap 'non-nmethods': size=7488Kb used=1971Kb max_used=2024Kb free=5516Kb
 bounds [0x0000022807450000, 0x00000228076c0000, 0x0000022807ba0000]
 total_blobs=9916 nmethods=9195 adapters=626
 compilation: enabled
              stopped_count=0, restarted_count=0
 full_count=0

Compilation events (20 events):
Event: 17.417 Thread 0x000002286f2eaa70 10123       1       org.eclipse.jdt.internal.compiler.ast.ASTNode::isSuper (2 bytes)
Event: 17.417 Thread 0x000002286f2eaa70 nmethod 10123 0x0000022807e32510 code [0x0000022807e326a0, 0x0000022807e32768]
Event: 17.417 Thread 0x000002286f2eaa70 10124       1       org.eclipse.jdt.internal.compiler.ast.ASTNode::isImplicitThis (2 bytes)
Event: 17.417 Thread 0x000002286f2eaa70 nmethod 10124 0x0000022807e32810 code [0x0000022807e329a0, 0x0000022807e32a68]
Event: 17.420 Thread 0x000002286f2eaa70 10125       2       org.eclipse.jdt.internal.compiler.codegen.CodeStream::recordPositionsFrom (8 bytes)
Event: 17.420 Thread 0x000002287c42eee0 10126       2       org.eclipse.jdt.internal.compiler.codegen.CodeStream::recordPositionsFrom (813 bytes)
Event: 17.420 Thread 0x000002286f2eaa70 nmethod 10125 0x0000022801444290 code [0x0000022801444440, 0x0000022801444570]
Event: 17.421 Thread 0x000002286f2eaa70 10127       2       java.lang.StringBuilder::append (8 bytes)
Event: 17.421 Thread 0x000002286f2eaa70 nmethod 10127 0x0000022801444610 code [0x00000228014447c0, 0x00000228014448f0]
Event: 17.422 Thread 0x000002287c42eee0 nmethod 10126 0x0000022801444990 code [0x0000022801444c20, 0x0000022801445888]
Event: 17.425 Thread 0x000002287c42eee0 10128       2       org.eclipse.jdt.internal.core.builder.ReferenceCollection::internSimpleNames (278 bytes)
Event: 17.426 Thread 0x000002287c42eee0 nmethod 10128 0x0000022801446010 code [0x0000022801446260, 0x0000022801446bf0]
Event: 17.432 Thread 0x000002287c42eee0 10130   !   2       org.eclipse.jdt.internal.compiler.lookup.Scope::getBinding (1578 bytes)
Event: 17.433 Thread 0x000002286f2eaa70 10131       1       org.eclipse.jdt.internal.compiler.ast.MessageSend::genericTypeArguments (5 bytes)
Event: 17.433 Thread 0x000002286f2eaa70 nmethod 10131 0x0000022807e32b10 code [0x0000022807e32ca0, 0x0000022807e32d68]
Event: 17.434 Thread 0x000002286f2eaa70 10132       2       org.eclipse.jdt.internal.compiler.lookup.Scope$Substitutor::substitute (92 bytes)
Event: 17.434 Thread 0x000002286f2eaa70 nmethod 10132 0x0000022801447110 code [0x0000022801447300, 0x0000022801447848]
Event: 17.434 Thread 0x000002286f2eaa70 10133       2       org.eclipse.jdt.internal.compiler.lookup.ReductionResult::<init> (5 bytes)
Event: 17.435 Thread 0x000002286f2eaa70 nmethod 10133 0x0000022801447b10 code [0x0000022801447ca0, 0x0000022801447da8]
Event: 17.435 Thread 0x000002286f2eaa70 10134       2       org.eclipse.jdt.internal.compiler.lookup.ReferenceBinding::isProperType (25 bytes)

GC Heap History (20 events):
Event: 16.911 GC heap before
{Heap before GC invocations=111 (full 2):
 PSYoungGen      total 6144K, used 5853K [0x00000000eab00000, 0x00000000eb280000, 0x0000000100000000)
  eden space 4608K, 100% used [0x00000000eab00000,0x00000000eaf80000,0x00000000eaf80000)
  from space 1536K, 81% used [0x00000000eb100000,0x00000000eb2374a8,0x00000000eb280000)
  to   space 1536K, 0% used [0x00000000eaf80000,0x00000000eaf80000,0x00000000eb100000)
 ParOldGen       total 142336K, used 141993K [0x00000000c0000000, 0x00000000c8b00000, 0x00000000eab00000)
  object space 142336K, 99% used [0x00000000c0000000,0x00000000c8aaa650,0x00000000c8b00000)
 Metaspace       used 56887K, committed 58112K, reserved 1114112K
  class space    used 5851K, committed 6400K, reserved 1048576K
}
Event: 16.932 GC heap after
{Heap after GC invocations=111 (full 2):
 PSYoungGen      total 6144K, used 1221K [0x00000000eab00000, 0x00000000eb280000, 0x0000000100000000)
  eden space 4608K, 0% used [0x00000000eab00000,0x00000000eab00000,0x00000000eaf80000)
  from space 1536K, 79% used [0x00000000eaf80000,0x00000000eb0b1410,0x00000000eb100000)
  to   space 1536K, 0% used [0x00000000eb100000,0x00000000eb100000,0x00000000eb280000)
 ParOldGen       total 143360K, used 143016K [0x00000000c0000000, 0x00000000c8c00000, 0x00000000eab00000)
  object space 143360K, 99% used [0x00000000c0000000,0x00000000c8baa168,0x00000000c8c00000)
 Metaspace       used 56887K, committed 58112K, reserved 1114112K
  class space    used 5851K, committed 6400K, reserved 1048576K
}
Event: 16.988 GC heap before
{Heap before GC invocations=112 (full 2):
 PSYoungGen      total 6144K, used 5805K [0x00000000eab00000, 0x00000000eb280000, 0x0000000100000000)
  eden space 4608K, 99% used [0x00000000eab00000,0x00000000eaf7a0e8,0x00000000eaf80000)
  from space 1536K, 79% used [0x00000000eaf80000,0x00000000eb0b1410,0x00000000eb100000)
  to   space 1536K, 0% used [0x00000000eb100000,0x00000000eb100000,0x00000000eb280000)
 ParOldGen       total 143360K, used 143016K [0x00000000c0000000, 0x00000000c8c00000, 0x00000000eab00000)
  object space 143360K, 99% used [0x00000000c0000000,0x00000000c8baa168,0x00000000c8c00000)
 Metaspace       used 57014K, committed 58240K, reserved 1114112K
  class space    used 5863K, committed 6400K, reserved 1048576K
}
Event: 16.992 GC heap after
{Heap after GC invocations=112 (full 2):
 PSYoungGen      total 6144K, used 1118K [0x00000000eab00000, 0x00000000eb280000, 0x0000000100000000)
  eden space 4608K, 0% used [0x00000000eab00000,0x00000000eab00000,0x00000000eaf80000)
  from space 1536K, 72% used [0x00000000eb100000,0x00000000eb217870,0x00000000eb280000)
  to   space 1536K, 0% used [0x00000000eaf80000,0x00000000eaf80000,0x00000000eb100000)
 ParOldGen       total 144384K, used 144036K [0x00000000c0000000, 0x00000000c8d00000, 0x00000000eab00000)
  object space 144384K, 99% used [0x00000000c0000000,0x00000000c8ca9350,0x00000000c8d00000)
 Metaspace       used 57014K, committed 58240K, reserved 1114112K
  class space    used 5863K, committed 6400K, reserved 1048576K
}
Event: 17.030 GC heap before
{Heap before GC invocations=113 (full 2):
 PSYoungGen      total 6144K, used 5726K [0x00000000eab00000, 0x00000000eb280000, 0x0000000100000000)
  eden space 4608K, 100% used [0x00000000eab00000,0x00000000eaf80000,0x00000000eaf80000)
  from space 1536K, 72% used [0x00000000eb100000,0x00000000eb217870,0x00000000eb280000)
  to   space 1536K, 0% used [0x00000000eaf80000,0x00000000eaf80000,0x00000000eb100000)
 ParOldGen       total 144384K, used 144036K [0x00000000c0000000, 0x00000000c8d00000, 0x00000000eab00000)
  object space 144384K, 99% used [0x00000000c0000000,0x00000000c8ca9350,0x00000000c8d00000)
 Metaspace       used 57056K, committed 58304K, reserved 1114112K
  class space    used 5869K, committed 6400K, reserved 1048576K
}
Event: 17.031 GC heap after
{Heap after GC invocations=113 (full 2):
 PSYoungGen      total 6144K, used 1185K [0x00000000eab00000, 0x00000000eb280000, 0x0000000100000000)
  eden space 4608K, 0% used [0x00000000eab00000,0x00000000eab00000,0x00000000eaf80000)
  from space 1536K, 77% used [0x00000000eaf80000,0x00000000eb0a8708,0x00000000eb100000)
  to   space 1536K, 0% used [0x00000000eb100000,0x00000000eb100000,0x00000000eb280000)
 ParOldGen       total 145408K, used 144917K [0x00000000c0000000, 0x00000000c8e00000, 0x00000000eab00000)
  object space 145408K, 99% used [0x00000000c0000000,0x00000000c8d854e0,0x00000000c8e00000)
 Metaspace       used 57056K, committed 58304K, reserved 1114112K
  class space    used 5869K, committed 6400K, reserved 1048576K
}
Event: 17.069 GC heap before
{Heap before GC invocations=114 (full 2):
 PSYoungGen      total 6144K, used 5793K [0x00000000eab00000, 0x00000000eb280000, 0x0000000100000000)
  eden space 4608K, 100% used [0x00000000eab00000,0x00000000eaf80000,0x00000000eaf80000)
  from space 1536K, 77% used [0x00000000eaf80000,0x00000000eb0a8708,0x00000000eb100000)
  to   space 1536K, 0% used [0x00000000eb100000,0x00000000eb100000,0x00000000eb280000)
 ParOldGen       total 145408K, used 144917K [0x00000000c0000000, 0x00000000c8e00000, 0x00000000eab00000)
  object space 145408K, 99% used [0x00000000c0000000,0x00000000c8d854e0,0x00000000c8e00000)
 Metaspace       used 57165K, committed 58368K, reserved 1114112K
  class space    used 5878K, committed 6400K, reserved 1048576K
}
Event: 17.072 GC heap after
{Heap after GC invocations=114 (full 2):
 PSYoungGen      total 6144K, used 1232K [0x00000000eab00000, 0x00000000eb280000, 0x0000000100000000)
  eden space 4608K, 0% used [0x00000000eab00000,0x00000000eab00000,0x00000000eaf80000)
  from space 1536K, 80% used [0x00000000eb100000,0x00000000eb234228,0x00000000eb280000)
  to   space 1536K, 0% used [0x00000000eaf80000,0x00000000eaf80000,0x00000000eb100000)
 ParOldGen       total 145920K, used 145909K [0x00000000c0000000, 0x00000000c8e80000, 0x00000000eab00000)
  object space 145920K, 99% used [0x00000000c0000000,0x00000000c8e7d4a0,0x00000000c8e80000)
 Metaspace       used 57165K, committed 58368K, reserved 1114112K
  class space    used 5878K, committed 6400K, reserved 1048576K
}
Event: 17.113 GC heap before
{Heap before GC invocations=115 (full 2):
 PSYoungGen      total 6144K, used 5840K [0x00000000eab00000, 0x00000000eb280000, 0x0000000100000000)
  eden space 4608K, 100% used [0x00000000eab00000,0x00000000eaf80000,0x00000000eaf80000)
  from space 1536K, 80% used [0x00000000eb100000,0x00000000eb234228,0x00000000eb280000)
  to   space 1536K, 0% used [0x00000000eaf80000,0x00000000eaf80000,0x00000000eb100000)
 ParOldGen       total 145920K, used 145909K [0x00000000c0000000, 0x00000000c8e80000, 0x00000000eab00000)
  object space 145920K, 99% used [0x00000000c0000000,0x00000000c8e7d4a0,0x00000000c8e80000)
 Metaspace       used 57222K, committed 58496K, reserved 1114112K
  class space    used 5886K, committed 6464K, reserved 1048576K
}
Event: 17.116 GC heap after
{Heap after GC invocations=115 (full 2):
 PSYoungGen      total 6144K, used 1239K [0x00000000eab00000, 0x00000000eb280000, 0x0000000100000000)
  eden space 4608K, 0% used [0x00000000eab00000,0x00000000eab00000,0x00000000eaf80000)
  from space 1536K, 80% used [0x00000000eaf80000,0x00000000eb0b5d68,0x00000000eb100000)
  to   space 1536K, 0% used [0x00000000eb100000,0x00000000eb100000,0x00000000eb280000)
 ParOldGen       total 146944K, used 146871K [0x00000000c0000000, 0x00000000c8f80000, 0x00000000eab00000)
  object space 146944K, 99% used [0x00000000c0000000,0x00000000c8f6dfe0,0x00000000c8f80000)
 Metaspace       used 57222K, committed 58496K, reserved 1114112K
  class space    used 5886K, committed 6464K, reserved 1048576K
}
Event: 17.156 GC heap before
{Heap before GC invocations=116 (full 2):
 PSYoungGen      total 6144K, used 5847K [0x00000000eab00000, 0x00000000eb280000, 0x0000000100000000)
  eden space 4608K, 100% used [0x00000000eab00000,0x00000000eaf80000,0x00000000eaf80000)
  from space 1536K, 80% used [0x00000000eaf80000,0x00000000eb0b5d68,0x00000000eb100000)
  to   space 1536K, 0% used [0x00000000eb100000,0x00000000eb100000,0x00000000eb280000)
 ParOldGen       total 146944K, used 146871K [0x00000000c0000000, 0x00000000c8f80000, 0x00000000eab00000)
  object space 146944K, 99% used [0x00000000c0000000,0x00000000c8f6dfe0,0x00000000c8f80000)
 Metaspace       used 57279K, committed 58560K, reserved 1114112K
  class space    used 5895K, committed 6464K, reserved 1048576K
}
Event: 17.158 GC heap after
{Heap after GC invocations=116 (full 2):
 PSYoungGen      total 6144K, used 1386K [0x00000000eab00000, 0x00000000eb280000, 0x0000000100000000)
  eden space 4608K, 0% used [0x00000000eab00000,0x00000000eab00000,0x00000000eaf80000)
  from space 1536K, 90% used [0x00000000eb100000,0x00000000eb25aa58,0x00000000eb280000)
  to   space 1536K, 0% used [0x00000000eaf80000,0x00000000eaf80000,0x00000000eb100000)
 ParOldGen       total 147968K, used 147851K [0x00000000c0000000, 0x00000000c9080000, 0x00000000eab00000)
  object space 147968K, 99% used [0x00000000c0000000,0x00000000c9062e88,0x00000000c9080000)
 Metaspace       used 57279K, committed 58560K, reserved 1114112K
  class space    used 5895K, committed 6464K, reserved 1048576K
}
Event: 17.187 GC heap before
{Heap before GC invocations=117 (full 2):
 PSYoungGen      total 6144K, used 5994K [0x00000000eab00000, 0x00000000eb280000, 0x0000000100000000)
  eden space 4608K, 100% used [0x00000000eab00000,0x00000000eaf80000,0x00000000eaf80000)
  from space 1536K, 90% used [0x00000000eb100000,0x00000000eb25aa58,0x00000000eb280000)
  to   space 1536K, 0% used [0x00000000eaf80000,0x00000000eaf80000,0x00000000eb100000)
 ParOldGen       total 147968K, used 147851K [0x00000000c0000000, 0x00000000c9080000, 0x00000000eab00000)
  object space 147968K, 99% used [0x00000000c0000000,0x00000000c9062e88,0x00000000c9080000)
 Metaspace       used 57441K, committed 58688K, reserved 1114112K
  class space    used 5922K, committed 6464K, reserved 1048576K
}
Event: 17.190 GC heap after
{Heap after GC invocations=117 (full 2):
 PSYoungGen      total 6144K, used 1024K [0x00000000eab00000, 0x00000000eb280000, 0x0000000100000000)
  eden space 4608K, 0% used [0x00000000eab00000,0x00000000eab00000,0x00000000eaf80000)
  from space 1536K, 66% used [0x00000000eaf80000,0x00000000eb080000,0x00000000eb100000)
  to   space 1536K, 0% used [0x00000000eb100000,0x00000000eb100000,0x00000000eb280000)
 ParOldGen       total 149504K, used 148999K [0x00000000c0000000, 0x00000000c9200000, 0x00000000eab00000)
  object space 149504K, 99% used [0x00000000c0000000,0x00000000c9181d50,0x00000000c9200000)
 Metaspace       used 57441K, committed 58688K, reserved 1114112K
  class space    used 5922K, committed 6464K, reserved 1048576K
}
Event: 17.234 GC heap before
{Heap before GC invocations=118 (full 2):
 PSYoungGen      total 6144K, used 5632K [0x00000000eab00000, 0x00000000eb280000, 0x0000000100000000)
  eden space 4608K, 100% used [0x00000000eab00000,0x00000000eaf80000,0x00000000eaf80000)
  from space 1536K, 66% used [0x00000000eaf80000,0x00000000eb080000,0x00000000eb100000)
  to   space 1536K, 0% used [0x00000000eb100000,0x00000000eb100000,0x00000000eb280000)
 ParOldGen       total 149504K, used 148999K [0x00000000c0000000, 0x00000000c9200000, 0x00000000eab00000)
  object space 149504K, 99% used [0x00000000c0000000,0x00000000c9181d50,0x00000000c9200000)
 Metaspace       used 57529K, committed 58816K, reserved 1114112K
  class space    used 5933K, committed 6464K, reserved 1048576K
}
Event: 17.236 GC heap after
{Heap after GC invocations=118 (full 2):
 PSYoungGen      total 6144K, used 1056K [0x00000000eab00000, 0x00000000eb280000, 0x0000000100000000)
  eden space 4608K, 0% used [0x00000000eab00000,0x00000000eab00000,0x00000000eaf80000)
  from space 1536K, 68% used [0x00000000eb100000,0x00000000eb208000,0x00000000eb280000)
  to   space 1536K, 0% used [0x00000000eaf80000,0x00000000eaf80000,0x00000000eb100000)
 ParOldGen       total 150016K, used 149837K [0x00000000c0000000, 0x00000000c9280000, 0x00000000eab00000)
  object space 150016K, 99% used [0x00000000c0000000,0x00000000c92535a8,0x00000000c9280000)
 Metaspace       used 57529K, committed 58816K, reserved 1114112K
  class space    used 5933K, committed 6464K, reserved 1048576K
}
Event: 17.312 GC heap before
{Heap before GC invocations=119 (full 2):
 PSYoungGen      total 6144K, used 5664K [0x00000000eab00000, 0x00000000eb280000, 0x0000000100000000)
  eden space 4608K, 100% used [0x00000000eab00000,0x00000000eaf80000,0x00000000eaf80000)
  from space 1536K, 68% used [0x00000000eb100000,0x00000000eb208000,0x00000000eb280000)
  to   space 1536K, 0% used [0x00000000eaf80000,0x00000000eaf80000,0x00000000eb100000)
 ParOldGen       total 150016K, used 149837K [0x00000000c0000000, 0x00000000c9280000, 0x00000000eab00000)
  object space 150016K, 99% used [0x00000000c0000000,0x00000000c92535a8,0x00000000c9280000)
 Metaspace       used 57698K, committed 59072K, reserved 1114112K
  class space    used 5961K, committed 6592K, reserved 1048576K
}
Event: 17.327 GC heap after
{Heap after GC invocations=119 (full 2):
 PSYoungGen      total 6144K, used 1204K [0x00000000eab00000, 0x00000000eb280000, 0x0000000100000000)
  eden space 4608K, 0% used [0x00000000eab00000,0x00000000eab00000,0x00000000eaf80000)
  from space 1536K, 78% used [0x00000000eaf80000,0x00000000eb0ad0a8,0x00000000eb100000)
  to   space 1536K, 0% used [0x00000000eb100000,0x00000000eb100000,0x00000000eb280000)
 ParOldGen       total 151040K, used 150774K [0x00000000c0000000, 0x00000000c9380000, 0x00000000eab00000)
  object space 151040K, 99% used [0x00000000c0000000,0x00000000c933dba0,0x00000000c9380000)
 Metaspace       used 57698K, committed 59072K, reserved 1114112K
  class space    used 5961K, committed 6592K, reserved 1048576K
}
Event: 17.354 GC heap before
{Heap before GC invocations=120 (full 2):
 PSYoungGen      total 6144K, used 5812K [0x00000000eab00000, 0x00000000eb280000, 0x0000000100000000)
  eden space 4608K, 100% used [0x00000000eab00000,0x00000000eaf80000,0x00000000eaf80000)
  from space 1536K, 78% used [0x00000000eaf80000,0x00000000eb0ad0a8,0x00000000eb100000)
  to   space 1536K, 0% used [0x00000000eb100000,0x00000000eb100000,0x00000000eb280000)
 ParOldGen       total 151040K, used 150774K [0x00000000c0000000, 0x00000000c9380000, 0x00000000eab00000)
  object space 151040K, 99% used [0x00000000c0000000,0x00000000c933dba0,0x00000000c9380000)
 Metaspace       used 57721K, committed 59136K, reserved 1114112K
  class space    used 5962K, committed 6592K, reserved 1048576K
}
Event: 17.358 GC heap after
{Heap after GC invocations=120 (full 2):
 PSYoungGen      total 6144K, used 1086K [0x00000000eab00000, 0x00000000eb280000, 0x0000000100000000)
  eden space 4608K, 0% used [0x00000000eab00000,0x00000000eab00000,0x00000000eaf80000)
  from space 1536K, 70% used [0x00000000eb100000,0x00000000eb20f918,0x00000000eb280000)
  to   space 1536K, 0% used [0x00000000eaf80000,0x00000000eaf80000,0x00000000eb100000)
 ParOldGen       total 152064K, used 151789K [0x00000000c0000000, 0x00000000c9480000, 0x00000000eab00000)
  object space 152064K, 99% used [0x00000000c0000000,0x00000000c943b450,0x00000000c9480000)
 Metaspace       used 57721K, committed 59136K, reserved 1114112K
  class space    used 5962K, committed 6592K, reserved 1048576K
}

Dll operation events (10 events):
Event: 0.047 Loaded shared library c:\Users\nguye\.cursor\extensions\redhat.java-1.39.0-win32-x64\jre\21.0.5-win32-x86_64\bin\java.dll
Event: 0.239 Loaded shared library c:\Users\nguye\.cursor\extensions\redhat.java-1.39.0-win32-x64\jre\21.0.5-win32-x86_64\bin\zip.dll
Event: 0.277 Loaded shared library C:\Users\nguye\.cursor\extensions\redhat.java-1.39.0-win32-x64\jre\21.0.5-win32-x86_64\bin\instrument.dll
Event: 0.290 Loaded shared library C:\Users\nguye\.cursor\extensions\redhat.java-1.39.0-win32-x64\jre\21.0.5-win32-x86_64\bin\net.dll
Event: 0.298 Loaded shared library C:\Users\nguye\.cursor\extensions\redhat.java-1.39.0-win32-x64\jre\21.0.5-win32-x86_64\bin\nio.dll
Event: 0.305 Loaded shared library C:\Users\nguye\.cursor\extensions\redhat.java-1.39.0-win32-x64\jre\21.0.5-win32-x86_64\bin\zip.dll
Event: 0.368 Loaded shared library C:\Users\nguye\.cursor\extensions\redhat.java-1.39.0-win32-x64\jre\21.0.5-win32-x86_64\bin\jimage.dll
Event: 0.650 Loaded shared library c:\Users\nguye\.cursor\extensions\redhat.java-1.39.0-win32-x64\jre\21.0.5-win32-x86_64\bin\verify.dll
Event: 2.938 Loaded shared library C:\Users\nguye\AppData\Roaming\Cursor\User\globalStorage\redhat.java\1.39.0\config_win\org.eclipse.equinox.launcher\org.eclipse.equinox.launcher.win32.win32.x86_64_1.2.1100.v20240722-2106\eclipse_11904.dll
Event: 6.552 Loaded shared library C:\Users\nguye\AppData\Local\Temp\jna-104772072\jna14394323584929655358.dll

Deoptimization events (20 events):
Event: 17.360 Thread 0x000002287d006a60 DEOPT PACKING pc=0x0000022800b3f6ed sp=0x000000aaf39fe620
Event: 17.360 Thread 0x000002287d006a60 DEOPT UNPACKING pc=0x00000228074a4242 sp=0x000000aaf39fd9d8 mode 0
Event: 17.368 Thread 0x000002287f26de40 DEOPT PACKING pc=0x00000228000b47f8 sp=0x000000aaf79fd4a0
Event: 17.368 Thread 0x000002287f26de40 DEOPT UNPACKING pc=0x00000228074a4242 sp=0x000000aaf79fc988 mode 0
Event: 17.408 Thread 0x000002287d006a60 DEOPT PACKING pc=0x0000022800b3f6ed sp=0x000000aaf39fe630
Event: 17.408 Thread 0x000002287d006a60 DEOPT UNPACKING pc=0x00000228074a4242 sp=0x000000aaf39fd9e8 mode 0
Event: 17.415 Thread 0x000002287d006a60 DEOPT PACKING pc=0x0000022800c1df83 sp=0x000000aaf39fe760
Event: 17.415 Thread 0x000002287d006a60 DEOPT UNPACKING pc=0x00000228074a4242 sp=0x000000aaf39fdcc8 mode 0
Event: 17.416 Thread 0x000002287f26de40 Uncommon trap: trap_request=0xffffff45 fr.pc=0x0000022807cb4638 relative=0x00000000000001f8
Event: 17.416 Thread 0x000002287f26de40 Uncommon trap: reason=unstable_if action=reinterpret pc=0x0000022807cb4638 method=java.util.HashMap.getNode(Ljava/lang/Object;)Ljava/util/HashMap$Node; @ 66 c2
Event: 17.416 Thread 0x000002287f26de40 DEOPT PACKING pc=0x0000022807cb4638 sp=0x000000aaf79fe5a0
Event: 17.416 Thread 0x000002287f26de40 DEOPT UNPACKING pc=0x00000228074a3aa2 sp=0x000000aaf79fe4a8 mode 2
Event: 17.420 Thread 0x000002287f26de40 Uncommon trap: trap_request=0xffffff45 fr.pc=0x0000022807c03f88 relative=0x00000000000001c8
Event: 17.420 Thread 0x000002287f26de40 Uncommon trap: reason=unstable_if action=reinterpret pc=0x0000022807c03f88 method=java.util.HashMap.getNode(Ljava/lang/Object;)Ljava/util/HashMap$Node; @ 66 c2
Event: 17.420 Thread 0x000002287f26de40 DEOPT PACKING pc=0x0000022807c03f88 sp=0x000000aaf79fe540
Event: 17.420 Thread 0x000002287f26de40 DEOPT UNPACKING pc=0x00000228074a3aa2 sp=0x000000aaf79fe4c0 mode 2
Event: 17.422 Thread 0x000002287d006a60 DEOPT PACKING pc=0x0000022800b3f6ed sp=0x000000aaf39fe620
Event: 17.422 Thread 0x000002287d006a60 DEOPT UNPACKING pc=0x00000228074a4242 sp=0x000000aaf39fd9d8 mode 0
Event: 17.424 Thread 0x000002287d006a60 DEOPT PACKING pc=0x00000228000b47f8 sp=0x000000aaf39fe370
Event: 17.425 Thread 0x000002287d006a60 DEOPT UNPACKING pc=0x00000228074a4242 sp=0x000000aaf39fd858 mode 0

Classes loaded (20 events):
Event: 17.259 Loading class java/util/stream/ReferencePipeline$4
Event: 17.259 Loading class java/util/stream/IntPipeline$StatelessOp
Event: 17.260 Loading class java/util/stream/IntPipeline
Event: 17.261 Loading class java/util/stream/IntStream
Event: 17.261 Loading class sun/nio/ch/ChannelOutputStream
Event: 17.263 Loading class java/util/stream/IntStream done
Event: 17.263 Loading class java/util/stream/IntPipeline done
Event: 17.263 Loading class java/util/stream/IntPipeline$StatelessOp done
Event: 17.263 Loading class java/util/stream/ReferencePipeline$4 done
Event: 17.263 Loading class sun/nio/ch/ChannelOutputStream done
Event: 17.264 Loading class java/util/stream/Nodes$IntFixedNodeBuilder
Event: 17.265 Loading class java/util/stream/Node$Builder$OfInt
Event: 17.266 Loading class java/util/stream/Sink$OfInt
Event: 17.267 Loading class java/util/stream/Sink$OfInt done
Event: 17.267 Loading class java/util/stream/Node$Builder$OfInt done
Event: 17.268 Loading class java/util/stream/Nodes$IntArrayNode
Event: 17.268 Loading class java/util/stream/Nodes$IntArrayNode done
Event: 17.268 Loading class java/util/stream/Nodes$IntFixedNodeBuilder done
Event: 17.268 Loading class java/util/stream/ReferencePipeline$4$1
Event: 17.269 Loading class java/util/stream/ReferencePipeline$4$1 done

Classes unloaded (7 events):
Event: 7.647 Thread 0x000002286f2d1b00 Unloading class 0x000002281019cc00 'java/lang/invoke/LambdaForm$MH+0x000002281019cc00'
Event: 7.647 Thread 0x000002286f2d1b00 Unloading class 0x000002281019c800 'java/lang/invoke/LambdaForm$MH+0x000002281019c800'
Event: 7.647 Thread 0x000002286f2d1b00 Unloading class 0x000002281019c400 'java/lang/invoke/LambdaForm$MH+0x000002281019c400'
Event: 7.647 Thread 0x000002286f2d1b00 Unloading class 0x000002281019c000 'java/lang/invoke/LambdaForm$MH+0x000002281019c000'
Event: 7.647 Thread 0x000002286f2d1b00 Unloading class 0x000002281019bc00 'java/lang/invoke/LambdaForm$BMH+0x000002281019bc00'
Event: 7.647 Thread 0x000002286f2d1b00 Unloading class 0x000002281019b800 'java/lang/invoke/LambdaForm$DMH+0x000002281019b800'
Event: 7.647 Thread 0x000002286f2d1b00 Unloading class 0x000002281019a400 'java/lang/invoke/LambdaForm$DMH+0x000002281019a400'

Classes redefined (0 events):
No events

Internal exceptions (20 events):
Event: 12.730 Thread 0x000002287d4b9ec0 Exception <a 'sun/nio/fs/WindowsException'{0x00000000eafd6420}> (0x00000000eafd6420) 
thrown [s\src\hotspot\share\prims\jni.cpp, line 520]
Event: 12.741 Thread 0x000002287f5a2060 Exception <a 'sun/nio/fs/WindowsException'{0x00000000eb0bfbb8}> (0x00000000eb0bfbb8) 
thrown [s\src\hotspot\share\prims\jni.cpp, line 520]
Event: 12.764 Thread 0x000002287f5a9680 Exception <a 'sun/nio/fs/WindowsException'{0x00000000eb173b30}> (0x00000000eb173b30) 
thrown [s\src\hotspot\share\prims\jni.cpp, line 520]
Event: 12.776 Thread 0x000002287f5a9680 Exception <a 'sun/nio/fs/WindowsException'{0x00000000eb176950}> (0x00000000eb176950) 
thrown [s\src\hotspot\share\prims\jni.cpp, line 520]
Event: 12.797 Thread 0x000002287f5a3aa0 Exception <a 'sun/nio/fs/WindowsException'{0x00000000eb1c8800}> (0x00000000eb1c8800) 
thrown [s\src\hotspot\share\prims\jni.cpp, line 520]
Event: 12.818 Thread 0x000002287f5a6f20 Exception <a 'sun/nio/fs/WindowsException'{0x00000000eb1d09b0}> (0x00000000eb1d09b0) 
thrown [s\src\hotspot\share\prims\jni.cpp, line 520]
Event: 12.831 Thread 0x000002287f5a75b0 Exception <a 'sun/nio/fs/WindowsException'{0x00000000eb3865d8}> (0x00000000eb3865d8) 
thrown [s\src\hotspot\share\prims\jni.cpp, line 520]
Event: 12.841 Thread 0x000002287f5a7c40 Exception <a 'sun/nio/fs/WindowsException'{0x00000000eb4bb048}> (0x00000000eb4bb048) 
thrown [s\src\hotspot\share\prims\jni.cpp, line 520]
Event: 12.846 Thread 0x000002287f5a2d80 Exception <a 'sun/nio/fs/WindowsException'{0x00000000eb5e3ed8}> (0x00000000eb5e3ed8) 
thrown [s\src\hotspot\share\prims\jni.cpp, line 520]
Event: 12.848 Thread 0x000002287f5a6200 Exception <a 'sun/nio/fs/WindowsException'{0x00000000eb4e40b0}> (0x00000000eb4e40b0) 
thrown [s\src\hotspot\share\prims\jni.cpp, line 520]
Event: 12.855 Thread 0x000002287f5a4e50 Exception <a 'sun/nio/fs/WindowsException'{0x00000000eb5cbc50}> (0x00000000eb5cbc50) 
thrown [s\src\hotspot\share\prims\jni.cpp, line 520]
Event: 12.920 Thread 0x000002287f5a5b70 Exception <a 'sun/nio/fs/WindowsException'{0x00000000eab122a0}> (0x00000000eab122a0) 
thrown [s\src\hotspot\share\prims\jni.cpp, line 520]
Event: 12.990 Thread 0x000002287d4b9ec0 Exception <a 'sun/nio/fs/WindowsException'{0x00000000eab93458}> (0x00000000eab93458) 
thrown [s\src\hotspot\share\prims\jni.cpp, line 520]
Event: 12.994 Thread 0x000002287f5a2060 Exception <a 'sun/nio/fs/WindowsException'{0x00000000eab5df60}> (0x00000000eab5df60) 
thrown [s\src\hotspot\share\prims\jni.cpp, line 520]
Event: 15.206 Thread 0x000002287d4b9ec0 Exception <a 'java/lang/NoSuchMethodError'{0x00000000eafa83c8}: 'java.lang.Object java.lang.invoke.DirectMethodHandle$Holder.invokeStatic(java.lang.Object, java.lang.Object, int, int)'> (0x00000000eafa83c8) 
thrown [s\src\hotspot\share\interpreter\linkResolver.cpp, line 773]
Event: 15.207 Thread 0x000002287d4b9ec0 Exception <a 'java/lang/NoSuchMethodError'{0x00000000eafd5cb8}: 'java.lang.Object java.lang.invoke.DirectMethodHandle$Holder.invokeSpecial(java.lang.Object, java.lang.Object, java.lang.Object, int, int)'> (0x00000000eafd5cb8) 
thrown [s\src\hotspot\share\interpreter\linkResolver.cpp, line 773]
Event: 15.913 Thread 0x000002287d4b9ec0 Exception <a 'java/lang/NoSuchMethodError'{0x00000000eab37540}: 'int java.lang.invoke.DirectMethodHandle$Holder.invokeSpecialIFC(java.lang.Object, java.lang.Object, java.lang.Object)'> (0x00000000eab37540) 
thrown [s\src\hotspot\share\interpreter\linkResolver.cpp, line 773]
Event: 15.926 Thread 0x000002287d4b9ec0 Implicit null exception at 0x0000022807d7fa4b to 0x0000022807d7fbac
Event: 17.147 Thread 0x000002287f26de40 Exception <a 'java/lang/NoSuchMethodError'{0x00000000eae19cb8}: 'void java.lang.invoke.DirectMethodHandle$Holder.invokeStatic(java.lang.Object, int, java.lang.Object)'> (0x00000000eae19cb8) 
thrown [s\src\hotspot\share\interpreter\linkResolver.cpp, line 773]
Event: 17.246 Thread 0x000002287d4b9ec0 Exception <a 'java/lang/NoSuchMethodError'{0x00000000eabec8c8}: 'java.lang.Object java.lang.invoke.DirectMethodHandle$Holder.newInvokeSpecial(java.lang.Object, java.lang.Object, int, int, java.lang.Object)'> (0x00000000eabec8c8) 
thrown [s\src\hotspot\share\interpreter\linkResolver.cpp, line 773]

ZGC Phase Switch (0 events):
No events

VM Operations (20 events):
Event: 17.030 Executing VM operation: ParallelGCFailedAllocation (Allocation Failure)
Event: 17.031 Executing VM operation: ParallelGCFailedAllocation (Allocation Failure) done
Event: 17.064 Executing VM operation: HandshakeAllThreads (Deoptimize)
Event: 17.065 Executing VM operation: HandshakeAllThreads (Deoptimize) done
Event: 17.069 Executing VM operation: ParallelGCFailedAllocation (Allocation Failure)
Event: 17.072 Executing VM operation: ParallelGCFailedAllocation (Allocation Failure) done
Event: 17.103 Executing VM operation: HandshakeAllThreads (Deoptimize)
Event: 17.103 Executing VM operation: HandshakeAllThreads (Deoptimize) done
Event: 17.113 Executing VM operation: ParallelGCFailedAllocation (Allocation Failure)
Event: 17.116 Executing VM operation: ParallelGCFailedAllocation (Allocation Failure) done
Event: 17.156 Executing VM operation: ParallelGCFailedAllocation (Allocation Failure)
Event: 17.158 Executing VM operation: ParallelGCFailedAllocation (Allocation Failure) done
Event: 17.187 Executing VM operation: ParallelGCFailedAllocation (Allocation Failure)
Event: 17.190 Executing VM operation: ParallelGCFailedAllocation (Allocation Failure) done
Event: 17.234 Executing VM operation: ParallelGCFailedAllocation (Allocation Failure)
Event: 17.236 Executing VM operation: ParallelGCFailedAllocation (Allocation Failure) done
Event: 17.280 Executing VM operation: ParallelGCFailedAllocation (Allocation Failure)
Event: 17.327 Executing VM operation: ParallelGCFailedAllocation (Allocation Failure) done
Event: 17.354 Executing VM operation: ParallelGCFailedAllocation (Allocation Failure)
Event: 17.358 Executing VM operation: ParallelGCFailedAllocation (Allocation Failure) done

Memory protections (0 events):
No events

Nmethod flushes (20 events):
Event: 9.465 Thread 0x000002286f2d1b00 flushing  nmethod 0x00000228006e2210
Event: 9.465 Thread 0x000002286f2d1b00 flushing  nmethod 0x00000228006e3410
Event: 9.465 Thread 0x000002286f2d1b00 flushing  nmethod 0x00000228006e3c10
Event: 9.465 Thread 0x000002286f2d1b00 flushing  nmethod 0x00000228006e4f90
Event: 9.465 Thread 0x000002286f2d1b00 flushing  nmethod 0x00000228006e6490
Event: 9.465 Thread 0x000002286f2d1b00 flushing  nmethod 0x00000228006e9590
Event: 9.465 Thread 0x000002286f2d1b00 flushing  nmethod 0x00000228006f3390
Event: 9.465 Thread 0x000002286f2d1b00 flushing  nmethod 0x0000022800724810
Event: 9.465 Thread 0x000002286f2d1b00 flushing  nmethod 0x0000022800747490
Event: 9.465 Thread 0x000002286f2d1b00 flushing  nmethod 0x0000022800747990
Event: 9.465 Thread 0x000002286f2d1b00 flushing  nmethod 0x000002280076c990
Event: 9.465 Thread 0x000002286f2d1b00 flushing  nmethod 0x00000228007a8010
Event: 9.465 Thread 0x000002286f2d1b00 flushing  nmethod 0x00000228007c9c10
Event: 9.465 Thread 0x000002286f2d1b00 flushing  nmethod 0x00000228007ed810
Event: 9.465 Thread 0x000002286f2d1b00 flushing  nmethod 0x000002280081ed10
Event: 9.465 Thread 0x000002286f2d1b00 flushing  nmethod 0x000002280081f190
Event: 9.465 Thread 0x000002286f2d1b00 flushing  nmethod 0x0000022800823f90
Event: 9.465 Thread 0x000002286f2d1b00 flushing  nmethod 0x0000022800849f90
Event: 9.465 Thread 0x000002286f2d1b00 flushing  nmethod 0x000002280084c290
Event: 9.465 Thread 0x000002286f2d1b00 flushing  nmethod 0x0000022800866a10

Events (20 events):
Event: 13.087 Thread 0x000002287d4b9ec0 Thread added: 0x000002287f586750
Event: 13.091 Thread 0x000002287d4b9ec0 Thread added: 0x000002287f5832d0
Event: 13.094 Thread 0x000002287d4b9ec0 Thread added: 0x000002287f5804e0
Event: 13.097 Thread 0x000002287f5832d0 Thread added: 0x000002287f584d10
Event: 13.098 Thread 0x000002287f586750 Thread added: 0x000002287f5825b0
Event: 13.100 Thread 0x000002287f584d10 Thread added: 0x000002287f5853a0
Event: 13.102 Thread 0x000002287f5804e0 Thread added: 0x000002287f586de0
Event: 13.104 Thread 0x000002287d4b9ec0 Thread added: 0x000002287f587b00
Event: 13.106 Thread 0x000002287d4b9ec0 Thread added: 0x000002287f583960
Event: 13.108 Thread 0x000002287d4b9ec0 Thread added: 0x000002287f587470
Event: 13.109 Thread 0x000002287d4b9ec0 Thread added: 0x000002287f581200
Event: 13.110 Thread 0x000002287d4b9ec0 Thread added: 0x000002287f584680
Event: 13.110 Thread 0x000002287d4b9ec0 Thread added: 0x000002287f580b70
Event: 13.111 Thread 0x000002287d4b9ec0 Thread added: 0x000002287f581890
Event: 13.111 Thread 0x000002287d4b9ec0 Thread added: 0x000002287f582c40
Event: 16.838 Thread 0x000002287d4b9ec0 Thread added: 0x000002287f26de40
Event: 17.254 Thread 0x000002287d4b9ec0 Thread added: 0x000002287f26ff10
Event: 17.279 Thread 0x000002287d4b9ec0 Thread added: 0x000002287f274dd0
Event: 17.282 Thread 0x000002287d4b9ec0 Thread added: 0x000002287f26e4d0
Event: 17.432 Thread 0x000002287d4b9ec0 Thread added: 0x000002287f273a20


Dynamic libraries:
0x00007ff7eecc0000 - 0x00007ff7eecce000 	c:\Users\nguye\.cursor\extensions\redhat.java-1.39.0-win32-x64\jre\21.0.5-win32-x86_64\bin\java.exe
0x00007ffb736f0000 - 0x00007ffb73907000 	C:\WINDOWS\SYSTEM32\ntdll.dll
0x00007ffb27da0000 - 0x00007ffb27dba000 	C:\Program Files\Norton\Suite\aswhook.dll
0x00007ffb72bb0000 - 0x00007ffb72c74000 	C:\WINDOWS\System32\KERNEL32.DLL
0x00007ffb709f0000 - 0x00007ffb70daa000 	C:\WINDOWS\System32\KERNELBASE.dll
0x00007ffb71020000 - 0x00007ffb71131000 	C:\WINDOWS\System32\ucrtbase.dll
0x00007ffb5e760000 - 0x00007ffb5e778000 	c:\Users\nguye\.cursor\extensions\redhat.java-1.39.0-win32-x64\jre\21.0.5-win32-x86_64\bin\jli.dll
0x00007ffb5e720000 - 0x00007ffb5e73e000 	c:\Users\nguye\.cursor\extensions\redhat.java-1.39.0-win32-x64\jre\21.0.5-win32-x86_64\bin\VCRUNTIME140.dll
0x00007ffb727a0000 - 0x00007ffb7294e000 	C:\WINDOWS\System32\USER32.dll
0x00007ffb70ff0000 - 0x00007ffb71016000 	C:\WINDOWS\System32\win32u.dll
0x00007ffb722f0000 - 0x00007ffb72319000 	C:\WINDOWS\System32\GDI32.dll
0x00007ffb54dd0000 - 0x00007ffb55062000 	C:\WINDOWS\WinSxS\amd64_microsoft.windows.common-controls_6595b64144ccf1df_6.0.22621.4541_none_2710d1c57384c085\COMCTL32.dll
0x00007ffb732d0000 - 0x00007ffb73377000 	C:\WINDOWS\System32\msvcrt.dll
0x00007ffb70e30000 - 0x00007ffb70f4b000 	C:\WINDOWS\System32\gdi32full.dll
0x00007ffb70f50000 - 0x00007ffb70fea000 	C:\WINDOWS\System32\msvcp_win.dll
0x00007ffb73490000 - 0x00007ffb734c1000 	C:\WINDOWS\System32\IMM32.DLL
0x00007ffb66960000 - 0x00007ffb6696c000 	c:\Users\nguye\.cursor\extensions\redhat.java-1.39.0-win32-x64\jre\21.0.5-win32-x86_64\bin\vcruntime140_1.dll
0x00007ffb42260000 - 0x00007ffb422ed000 	c:\Users\nguye\.cursor\extensions\redhat.java-1.39.0-win32-x64\jre\21.0.5-win32-x86_64\bin\msvcp140.dll
0x00007ffac3d20000 - 0x00007ffac4aaf000 	c:\Users\nguye\.cursor\extensions\redhat.java-1.39.0-win32-x64\jre\21.0.5-win32-x86_64\bin\server\jvm.dll
0x00007ffb73380000 - 0x00007ffb73432000 	C:\WINDOWS\System32\ADVAPI32.dll
0x00007ffb72950000 - 0x00007ffb729f7000 	C:\WINDOWS\System32\sechost.dll
0x00007ffb709c0000 - 0x00007ffb709e8000 	C:\WINDOWS\System32\bcrypt.dll
0x00007ffb71670000 - 0x00007ffb71784000 	C:\WINDOWS\System32\RPCRT4.dll
0x00007ffb72c90000 - 0x00007ffb72d01000 	C:\WINDOWS\System32\WS2_32.dll
0x00007ffb673e0000 - 0x00007ffb67414000 	C:\WINDOWS\SYSTEM32\WINMM.dll
0x00007ffb6f810000 - 0x00007ffb6f85d000 	C:\WINDOWS\SYSTEM32\POWRPROF.dll
0x00007ffb66de0000 - 0x00007ffb66dea000 	C:\WINDOWS\SYSTEM32\VERSION.dll
0x00007ffb6f7f0000 - 0x00007ffb6f803000 	C:\WINDOWS\SYSTEM32\UMPDC.dll
0x00007ffb6fac0000 - 0x00007ffb6fad8000 	C:\WINDOWS\SYSTEM32\kernel.appcore.dll
0x00007ffb64220000 - 0x00007ffb6422a000 	c:\Users\nguye\.cursor\extensions\redhat.java-1.39.0-win32-x64\jre\21.0.5-win32-x86_64\bin\jimage.dll
0x00007ffb6dd50000 - 0x00007ffb6df82000 	C:\WINDOWS\SYSTEM32\DBGHELP.DLL
0x00007ffb72ec0000 - 0x00007ffb7324f000 	C:\WINDOWS\System32\combase.dll
0x00007ffb72210000 - 0x00007ffb722e7000 	C:\WINDOWS\System32\OLEAUT32.dll
0x00007ffb66210000 - 0x00007ffb66242000 	C:\WINDOWS\SYSTEM32\dbgcore.DLL
0x00007ffb71370000 - 0x00007ffb713eb000 	C:\WINDOWS\System32\bcryptPrimitives.dll
0x00007ffb5e420000 - 0x00007ffb5e42f000 	c:\Users\nguye\.cursor\extensions\redhat.java-1.39.0-win32-x64\jre\21.0.5-win32-x86_64\bin\instrument.dll
0x00007ffb47b50000 - 0x00007ffb47b6f000 	c:\Users\nguye\.cursor\extensions\redhat.java-1.39.0-win32-x64\jre\21.0.5-win32-x86_64\bin\java.dll
0x00007ffb717b0000 - 0x00007ffb72028000 	C:\WINDOWS\System32\SHELL32.dll
0x00007ffb6e8c0000 - 0x00007ffb6f1c8000 	C:\WINDOWS\SYSTEM32\windows.storage.dll
0x00007ffb6e780000 - 0x00007ffb6e8bf000 	C:\WINDOWS\SYSTEM32\wintypes.dll
0x00007ffb713f0000 - 0x00007ffb714ea000 	C:\WINDOWS\System32\SHCORE.dll
0x00007ffb73250000 - 0x00007ffb732ae000 	C:\WINDOWS\System32\shlwapi.dll
0x00007ffb708f0000 - 0x00007ffb7091b000 	C:\WINDOWS\SYSTEM32\profapi.dll
0x00007ffb47b30000 - 0x00007ffb47b48000 	c:\Users\nguye\.cursor\extensions\redhat.java-1.39.0-win32-x64\jre\21.0.5-win32-x86_64\bin\zip.dll
0x00007ffb5e410000 - 0x00007ffb5e420000 	C:\Users\nguye\.cursor\extensions\redhat.java-1.39.0-win32-x64\jre\21.0.5-win32-x86_64\bin\net.dll
0x00007ffb67a50000 - 0x00007ffb67b86000 	C:\WINDOWS\SYSTEM32\WINHTTP.dll
0x00007ffb6ff50000 - 0x00007ffb6ffb9000 	C:\WINDOWS\system32\mswsock.dll
0x00007ffb42240000 - 0x00007ffb42256000 	C:\Users\nguye\.cursor\extensions\redhat.java-1.39.0-win32-x64\jre\21.0.5-win32-x86_64\bin\nio.dll
0x00007ffb5e2e0000 - 0x00007ffb5e2f0000 	c:\Users\nguye\.cursor\extensions\redhat.java-1.39.0-win32-x64\jre\21.0.5-win32-x86_64\bin\verify.dll
0x00007ffb269c0000 - 0x00007ffb26a05000 	C:\Users\nguye\AppData\Roaming\Cursor\User\globalStorage\redhat.java\1.39.0\config_win\org.eclipse.equinox.launcher\org.eclipse.equinox.launcher.win32.win32.x86_64_1.2.1100.v20240722-2106\eclipse_11904.dll
0x00007ffb72d10000 - 0x00007ffb72eb5000 	C:\WINDOWS\System32\ole32.dll
0x00007ffb701c0000 - 0x00007ffb701db000 	C:\WINDOWS\SYSTEM32\CRYPTSP.dll
0x00007ffb6fa20000 - 0x00007ffb6fa55000 	C:\WINDOWS\system32\rsaenh.dll
0x00007ffb70060000 - 0x00007ffb70088000 	C:\WINDOWS\SYSTEM32\USERENV.dll
0x00007ffb701e0000 - 0x00007ffb701ec000 	C:\WINDOWS\SYSTEM32\CRYPTBASE.dll
0x00007ffb6f4a0000 - 0x00007ffb6f4cd000 	C:\WINDOWS\SYSTEM32\IPHLPAPI.DLL
0x00007ffb714f0000 - 0x00007ffb714f9000 	C:\WINDOWS\System32\NSI.dll
0x00007ffb1fe50000 - 0x00007ffb1fe99000 	C:\Users\nguye\AppData\Local\Temp\jna-104772072\jna14394323584929655358.dll
0x00007ffb72c80000 - 0x00007ffb72c88000 	C:\WINDOWS\System32\PSAPI.DLL
0x00007ffb67420000 - 0x00007ffb67439000 	C:\WINDOWS\SYSTEM32\dhcpcsvc6.DLL
0x00007ffb673c0000 - 0x00007ffb673df000 	C:\WINDOWS\SYSTEM32\dhcpcsvc.DLL

dbghelp: loaded successfully - version: 4.0.5 - missing functions: none
symbol engine: initialized successfully - sym options: 0x614 - pdb path: .;c:\Users\nguye\.cursor\extensions\redhat.java-1.39.0-win32-x64\jre\21.0.5-win32-x86_64\bin;C:\WINDOWS\SYSTEM32;C:\Program Files\Norton\Suite;C:\WINDOWS\WinSxS\amd64_microsoft.windows.common-controls_6595b64144ccf1df_6.0.22621.4541_none_2710d1c57384c085;c:\Users\nguye\.cursor\extensions\redhat.java-1.39.0-win32-x64\jre\21.0.5-win32-x86_64\bin\server;C:\Users\nguye\AppData\Roaming\Cursor\User\globalStorage\redhat.java\1.39.0\config_win\org.eclipse.equinox.launcher\org.eclipse.equinox.launcher.win32.win32.x86_64_1.2.1100.v20240722-2106;C:\Users\nguye\AppData\Local\Temp\jna-104772072

VM Arguments:
jvm_args: --add-modules=ALL-SYSTEM --add-opens=java.base/java.util=ALL-UNNAMED --add-opens=java.base/java.lang=ALL-UNNAMED --add-opens=java.base/sun.nio.fs=ALL-UNNAMED -Declipse.application=org.eclipse.jdt.ls.core.id1 -Dosgi.bundles.defaultStartLevel=4 -Declipse.product=org.eclipse.jdt.ls.core.product -Djava.import.generatesMetadataFilesAtProjectRoot=false -DDetectVMInstallationsJob.disabled=true -Dfile.encoding=utf8 -XX:+UseParallelGC -XX:GCTimeRatio=4 -XX:AdaptiveSizePolicyWeight=90 -Dsun.zip.disableMemoryMapping=true -Xmx1G -Xms100m -Xlog:disable -javaagent:c:\Users\nguye\.cursor\extensions\redhat.java-1.39.0-win32-x64\lombok\lombok-1.18.34.jar -XX:+HeapDumpOnOutOfMemoryError -XX:HeapDumpPath=c:\Users\nguye\AppData\Roaming\Cursor\User\workspaceStorage\eb8435868590d2177f4e7eba870a5e3c\redhat.java -Daether.dependencyCollector.impl=bf 
java_command: c:\Users\nguye\.cursor\extensions\redhat.java-1.39.0-win32-x64\server\plugins\org.eclipse.equinox.launcher_1.6.900.v20240613-2009.jar -configuration c:\Users\nguye\AppData\Roaming\Cursor\User\globalStorage\redhat.java\1.39.0\config_win -data c:\Users\nguye\AppData\Roaming\Cursor\User\workspaceStorage\eb8435868590d2177f4e7eba870a5e3c\redhat.java\jdt_ws --pipe=\\.\pipe\lsp-194687b408eb2817bd08964f5471e393-sock
java_class_path (initial): c:\Users\nguye\.cursor\extensions\redhat.java-1.39.0-win32-x64\server\plugins\org.eclipse.equinox.launcher_1.6.900.v20240613-2009.jar
Launcher Type: SUN_STANDARD

[Global flags]
    uintx AdaptiveSizePolicyWeight                 = 90                                        {product} {command line}
     intx CICompilerCount                          = 12                                        {product} {ergonomic}
    uintx GCTimeRatio                              = 4                                         {product} {command line}
     bool HeapDumpOnOutOfMemoryError               = true                                   {manageable} {command line}
    ccstr HeapDumpPath                             = c:\Users\nguye\AppData\Roaming\Cursor\User\workspaceStorage\eb8435868590d2177f4e7eba870a5e3c\redhat.java         {manageable} {command line}
   size_t InitialHeapSize                          = 104857600                                 {product} {command line}
   size_t MaxHeapSize                              = 1073741824                                {product} {command line}
   size_t MaxNewSize                               = 357564416                                 {product} {ergonomic}
   size_t MinHeapDeltaBytes                        = 524288                                    {product} {ergonomic}
   size_t MinHeapSize                              = 104857600                                 {product} {command line}
   size_t NewSize                                  = 34603008                                  {product} {ergonomic}
    uintx NonNMethodCodeHeapSize                   = 7602480                                {pd product} {ergonomic}
    uintx NonProfiledCodeHeapSize                  = 122027880                              {pd product} {ergonomic}
   size_t OldSize                                  = 70254592                                  {product} {ergonomic}
    uintx ProfiledCodeHeapSize                     = 122027880                              {pd product} {ergonomic}
    uintx ReservedCodeCacheSize                    = 251658240                              {pd product} {ergonomic}
     bool SegmentedCodeCache                       = true                                      {product} {ergonomic}
   size_t SoftMaxHeapSize                          = 1073741824                             {manageable} {ergonomic}
     bool UseCompressedOops                        = true                           {product lp64_product} {ergonomic}
     bool UseLargePagesIndividualAllocation        = false                                  {pd product} {ergonomic}
     bool UseParallelGC                            = true                                      {product} {command line}

Logging:
Log output configuration:
 #0: stdout all=off uptime,level,tags foldmultilines=false
 #1: stderr all=off uptime,level,tags foldmultilines=false

Environment Variables:
PATH=C:\Program Files\Eclipse Adoptium\jdk-21.0.5.11-hotspot\bin;C:\Windows\system32;C:\Windows;C:\Windows\System32\Wbem;C:\Windows\System32\WindowsPowerShell\v1.0\;C:\Windows\System32\OpenSSH\;C:\Program Files (x86)\NVIDIA Corporation\PhysX\Common;C:\Program Files\NVIDIA Corporation\NVIDIA NvDLISR;C:\WINDOWS\system32;C:\WINDOWS;C:\WINDOWS\System32\Wbem;C:\WINDOWS\System32\WindowsPowerShell\v1.0\;C:\WINDOWS\System32\OpenSSH\;C:\Program Files\Microsoft SQL Server\150\Tools\Binn\;C:\Program Files\Microsoft SQL Server\Client SDK\ODBC\170\Tools\Binn\;C:\Program Files\dotnet\;C:\Program Files\nodejs\;C:\Program Files (x86)\Microsoft SQL Server\160\Tools\Binn\;C:\Program Files\Microsoft SQL Server\160\Tools\Binn\;C:\Program Files\Microsoft SQL Server\160\DTS\Binn\;C:\Program Files (x86)\Microsoft SQL Server\160\DTS\Binn\;C:\Program Files\Git\cmd;C:\Program Files (x86)\Microsoft SQL Server\150\DTS\Binn\;C:\Program Files\Azure Data Studio\bin;C:\Users\nguye\AppData\Local\Microsoft\WindowsApps;C:\Users\nguye\AppData\Local\Programs\Microsoft VS Code\bin;C:\Users\nguye\.dotnet\tools;C:\Users\nguye\AppData\Roaming\npm;C:\Program Files\Azure Data Studio\bin;C:\Users\nguye\AppData\Local\Programs\cursor\resources\app\bin
USERNAME=nguye
OS=Windows_NT
PROCESSOR_IDENTIFIER=Intel64 Family 6 Model 154 Stepping 3, GenuineIntel
TMP=C:\Users\nguye\AppData\Local\Temp
TEMP=C:\Users\nguye\AppData\Local\Temp




Periodic native trim disabled

---------------  S Y S T E M  ---------------

OS:
 Windows 11 , 64 bit Build 22621 (10.0.22621.4391)
OS uptime: 1 days 17:52 hours
Hyper-V role detected

CPU: total 20 (initial active 20) (10 cores per cpu, 2 threads per core) family 6 model 154 stepping 3 microcode 0x420, cx8, cmov, fxsr, ht, mmx, 3dnowpref, sse, sse2, sse3, ssse3, sse4.1, sse4.2, popcnt, lzcnt, tsc, tscinvbit, avx, avx2, aes, erms, clmul, bmi1, bmi2, adx, sha, fma, vzeroupper, clflush, clflushopt, clwb, hv, serialize, rdtscp, rdpid, fsrm, f16c, cet_ibt, cet_ss
Processor Information for processor 0
  Max Mhz: 2700, Current Mhz: 2700, Mhz Limit: 2700
Processor Information for processor 1
  Max Mhz: 2700, Current Mhz: 2700, Mhz Limit: 2700
Processor Information for processor 2
  Max Mhz: 2700, Current Mhz: 2700, Mhz Limit: 2700
Processor Information for processor 3
  Max Mhz: 2700, Current Mhz: 2700, Mhz Limit: 2700
Processor Information for processor 4
  Max Mhz: 2700, Current Mhz: 2700, Mhz Limit: 2700
Processor Information for processor 5
  Max Mhz: 2700, Current Mhz: 2700, Mhz Limit: 2700
Processor Information for processor 6
  Max Mhz: 2700, Current Mhz: 2700, Mhz Limit: 2700
Processor Information for processor 7
  Max Mhz: 2700, Current Mhz: 2700, Mhz Limit: 2700
Processor Information for processor 8
  Max Mhz: 2700, Current Mhz: 2700, Mhz Limit: 2700
Processor Information for processor 9
  Max Mhz: 2700, Current Mhz: 2700, Mhz Limit: 2700
Processor Information for processor 10
  Max Mhz: 2700, Current Mhz: 2700, Mhz Limit: 2700
Processor Information for processor 11
  Max Mhz: 2700, Current Mhz: 2700, Mhz Limit: 2700
Processor Information for processor 12
  Max Mhz: 2700, Current Mhz: 1995, Mhz Limit: 1971
Processor Information for processor 13
  Max Mhz: 2700, Current Mhz: 1995, Mhz Limit: 1971
Processor Information for processor 14
  Max Mhz: 2700, Current Mhz: 1995, Mhz Limit: 1971
Processor Information for processor 15
  Max Mhz: 2700, Current Mhz: 1995, Mhz Limit: 1971
Processor Information for processor 16
  Max Mhz: 2700, Current Mhz: 1995, Mhz Limit: 1971
Processor Information for processor 17
  Max Mhz: 2700, Current Mhz: 1995, Mhz Limit: 1971
Processor Information for processor 18
  Max Mhz: 2700, Current Mhz: 1995, Mhz Limit: 1971
Processor Information for processor 19
  Max Mhz: 2700, Current Mhz: 1995, Mhz Limit: 1971

Memory: 4k page, system-wide physical 7896M (8M free)
TotalPageFile size 32472M (AvailPageFile size 5M)
current process WorkingSet (physical memory assigned to process): 321M, peak: 321M
current process commit charge ("private bytes"): 416M, peak: 949M

vm_info: OpenJDK 64-Bit Server VM (21.0.5+11-LTS) for windows-amd64 JRE (21.0.5+11-LTS), built on 2024-10-15T00:00:00Z by "admin" with MS VC++ 17.7 (VS2022)

END.
